#
# There is insufficient memory for the Java Runtime Environment to continue.
# Native memory allocation (malloc) failed to allocate 99056 bytes for Chunk::new
# Possible reasons:
#   The system is out of physical RAM or swap space
#   The process is running with CompressedOops enabled, and the Java Heap may be blocking the growth of the native heap
# Possible solutions:
#   Reduce memory load on the system
#   Increase physical memory or swap space
#   Check if swap backing store is full
#   Decrease Java heap size (-Xmx/-Xms)
#   Decrease number of Java threads
#   Decrease Java thread stack sizes (-Xss)
#   Set larger code cache with -XX:ReservedCodeCacheSize=
#   JVM is running with Unscaled Compressed Oops mode in which the Java heap is
#     placed in the first 4GB address space. The Java Heap base address is the
#     maximum limit for the native heap growth. Please use -XX:HeapBaseMinAddress
#     to set the Java Heap base and to place the Java Heap above 4GB virtual address.
# This output file may be truncated or incomplete.
#
#  Out of Memory Error (arena.cpp:191), pid=10124, tid=32964
#
# JRE version: OpenJDK Runtime Environment Temurin-17.0.9+9 (17.0.9+9) (build 17.0.9+9)
# Java VM: OpenJDK 64-Bit Server VM Temurin-17.0.9+9 (17.0.9+9, mixed mode, tiered, compressed oops, compressed class ptrs, g1 gc, windows-amd64)
# No core dump will be written. Minidumps are not enabled by default on client versions of Windows
#

---------------  S U M M A R Y ------------

Command Line: -Dfile.encoding=UTF-8 -Dstdout.encoding=UTF-8 -Dstderr.encoding=UTF-8 -XX:+ShowCodeDetailsInExceptionMessages bank.management.system.SignUpOne

Host: AMD Ryzen 5 5600H with Radeon Graphics         , 12 cores, 7G,  Windows 11 , 64 bit Build 22621 (10.0.22621.3527)
Time: Fri Jun  7 05:35:08 2024 India Standard Time elapsed time: 1.240753 seconds (0d 0h 0m 1s)

---------------  T H R E A D  ---------------

Current thread (0x000001f7fe488990):  JavaThread "C2 CompilerThread1" daemon [_thread_in_native, id=32964, stack(0x0000008f00000000,0x0000008f00100000)]


Current CompileTask:
C2:   1240 1315   !   4       sun.font.TrueTypeFont::getTableBuffer (215 bytes)

Stack: [0x0000008f00000000,0x0000008f00100000]
Native frames: (J=compiled Java code, j=interpreted, Vv=VM code, C=native code)
V  [jvm.dll+0x67cf49]
V  [jvm.dll+0x83478a]
V  [jvm.dll+0x83624e]
V  [jvm.dll+0x8368b3]
V  [jvm.dll+0x247f1f]
V  [jvm.dll+0xac43c]
V  [jvm.dll+0xaca8c]
V  [jvm.dll+0x566da3]
V  [jvm.dll+0x1bd54b]
V  [jvm.dll+0x21a709]
V  [jvm.dll+0x2199d1]
V  [jvm.dll+0x1a57cd]
V  [jvm.dll+0x2297ae]
V  [jvm.dll+0x22797c]
V  [jvm.dll+0x7e9877]
V  [jvm.dll+0x7e3c3a]
V  [jvm.dll+0x67be35]
C  [ucrtbase.dll+0x29333]
C  [KERNEL32.DLL+0x1257d]
C  [ntdll.dll+0x5aa48]


---------------  P R O C E S S  ---------------

Threads class SMR info:
_java_thread_list=0x000001f7fe571f70, length=19, elements={
0x000001f7f960d360, 0x000001f7f960dd20, 0x000001f7f96624d0, 0x000001f7f9664ea0,
0x000001f7f9665860, 0x000001f7f9670240, 0x000001f7f9675400, 0x000001f7f9675dc0,
0x000001f7f96766d0, 0x000001f7f97d9e60, 0x000001f7f97dc500, 0x000001f7fe0f6470,
0x000001f7fe108010, 0x000001f7fe1084f0, 0x000001f7fe488990, 0x000001f79323e7e0,
0x000001f7fe520370, 0x000001f7ec7c2720, 0x000001f7fe4204d0
}

Java Threads: ( => current thread )
  0x000001f7f960d360 JavaThread "Reference Handler" daemon [_thread_blocked, id=2044, stack(0x0000008f7e700000,0x0000008f7e800000)]
  0x000001f7f960dd20 JavaThread "Finalizer" daemon [_thread_blocked, id=14204, stack(0x0000008f7e800000,0x0000008f7e900000)]
  0x000001f7f96624d0 JavaThread "Signal Dispatcher" daemon [_thread_blocked, id=29928, stack(0x0000008f7e900000,0x0000008f7ea00000)]
  0x000001f7f9664ea0 JavaThread "Attach Listener" daemon [_thread_blocked, id=27456, stack(0x0000008f7ea00000,0x0000008f7eb00000)]
  0x000001f7f9665860 JavaThread "Service Thread" daemon [_thread_blocked, id=18340, stack(0x0000008f7eb00000,0x0000008f7ec00000)]
  0x000001f7f9670240 JavaThread "Monitor Deflation Thread" daemon [_thread_blocked, id=2388, stack(0x0000008f7ec00000,0x0000008f7ed00000)]
  0x000001f7f9675400 JavaThread "C2 CompilerThread0" daemon [_thread_blocked, id=35120, stack(0x0000008f7ed00000,0x0000008f7ee00000)]
  0x000001f7f9675dc0 JavaThread "C1 CompilerThread0" daemon [_thread_blocked, id=12420, stack(0x0000008f7ee00000,0x0000008f7ef00000)]
  0x000001f7f96766d0 JavaThread "Sweeper thread" daemon [_thread_blocked, id=22872, stack(0x0000008f7ef00000,0x0000008f7f000000)]
  0x000001f7f97d9e60 JavaThread "Notification Thread" daemon [_thread_blocked, id=32544, stack(0x0000008f7f000000,0x0000008f7f100000)]
  0x000001f7f97dc500 JavaThread "Common-Cleaner" daemon [_thread_blocked, id=27844, stack(0x0000008f7f200000,0x0000008f7f300000)]
  0x000001f7fe0f6470 JavaThread "Java2D Disposer" daemon [_thread_blocked, id=13756, stack(0x0000008f7f300000,0x0000008f7f400000)]
  0x000001f7fe108010 JavaThread "AWT-Shutdown" [_thread_blocked, id=29848, stack(0x0000008f7f400000,0x0000008f7f500000)]
  0x000001f7fe1084f0 JavaThread "AWT-Windows" daemon [_thread_in_native, id=26760, stack(0x0000008f7f500000,0x0000008f7f600000)]
=>0x000001f7fe488990 JavaThread "C2 CompilerThread1" daemon [_thread_in_native, id=32964, stack(0x0000008f00000000,0x0000008f00100000)]
  0x000001f79323e7e0 JavaThread "AWT-EventQueue-0" [_thread_in_vm, id=9604, stack(0x0000008f00100000,0x0000008f00200000)]
  0x000001f7fe520370 JavaThread "Image Fetcher 0" daemon [_thread_blocked, id=16528, stack(0x0000008f00200000,0x0000008f00300000)]
  0x000001f7ec7c2720 JavaThread "DestroyJavaVM" [_thread_blocked, id=31476, stack(0x0000008f7e000000,0x0000008f7e100000)]
  0x000001f7fe4204d0 JavaThread "D3D Screen Updater" daemon [_thread_blocked, id=6756, stack(0x0000008f00400000,0x0000008f00500000)]

Other Threads:
  0x000001f7f9607880 VMThread "VM Thread" [stack: 0x0000008f7e600000,0x0000008f7e700000] [id=33324]
  0x000001f7f970b360 WatcherThread [stack: 0x0000008f7f100000,0x0000008f7f200000] [id=12320]
  0x000001f7ec81d5d0 GCTaskThread "GC Thread#0" [stack: 0x0000008f7e100000,0x0000008f7e200000] [id=19028]
  0x000001f7ec82d020 ConcurrentGCThread "G1 Main Marker" [stack: 0x0000008f7e200000,0x0000008f7e300000] [id=25772]
  0x000001f7ec82f090 ConcurrentGCThread "G1 Conc#0" [stack: 0x0000008f7e300000,0x0000008f7e400000] [id=31688]
  0x000001f7ec86dc80 ConcurrentGCThread "G1 Refine#0" [stack: 0x0000008f7e400000,0x0000008f7e500000] [id=12312]
  0x000001f7ec86e550 ConcurrentGCThread "G1 Service" [stack: 0x0000008f7e500000,0x0000008f7e600000] [id=11424]

Threads with active compile tasks:
C2 CompilerThread1     1260 1315   !   4       sun.font.TrueTypeFont::getTableBuffer (215 bytes)

VM state: not at safepoint (normal execution)

VM Mutex/Monitor currently owned by a thread:  ([mutex/lock_event])
[0x000001f7ec7bbf50] Metaspace_lock - owner thread: 0x000001f79323e7e0

Heap address: 0x000000008a800000, size: 1880 MB, Compressed Oops mode: 32-bit

CDS archive(s) not mapped
Compressed class space mapped at: 0x0000000100000000-0x0000000140000000, reserved size: 1073741824
Narrow klass base: 0x0000000000000000, Narrow klass shift: 3, Narrow klass range: 0x140000000

GC Precious Log:
 CPUs: 12 total, 12 available
 Memory: 7519M
 Large Page Support: Disabled
 NUMA Support: Disabled
 Compressed Oops: Enabled (32-bit)
 Heap Region Size: 1M
 Heap Min Capacity: 8M
 Heap Initial Capacity: 118M
 Heap Max Capacity: 1880M
 Pre-touch: Disabled
 Parallel Workers: 10
 Concurrent Workers: 3
 Concurrent Refinement Workers: 10
 Periodic GC: Disabled

Heap:
 garbage-first heap   total 120832K, used 18432K [0x000000008a800000, 0x0000000100000000)
  region size 1024K, 19 young (19456K), 0 survivors (0K)
 Metaspace       used 17890K, committed 18048K, reserved 1114112K
  class space    used 1940K, committed 2048K, reserved 1048576K

Heap Regions: E=young(eden), S=young(survivor), O=old, HS=humongous(starts), HC=humongous(continues), CS=collection set, F=free, OA=open archive, CA=closed archive, TAMS=top-at-mark-start (previous, next)
|   0|0x000000008a800000, 0x000000008a800000, 0x000000008a900000|  0%| F|  |TAMS 0x000000008a800000, 0x000000008a800000| Untracked 
|   1|0x000000008a900000, 0x000000008a900000, 0x000000008aa00000|  0%| F|  |TAMS 0x000000008a900000, 0x000000008a900000| Untracked 
|   2|0x000000008aa00000, 0x000000008aa00000, 0x000000008ab00000|  0%| F|  |TAMS 0x000000008aa00000, 0x000000008aa00000| Untracked 
|   3|0x000000008ab00000, 0x000000008ab00000, 0x000000008ac00000|  0%| F|  |TAMS 0x000000008ab00000, 0x000000008ab00000| Untracked 
|   4|0x000000008ac00000, 0x000000008ac00000, 0x000000008ad00000|  0%| F|  |TAMS 0x000000008ac00000, 0x000000008ac00000| Untracked 
|   5|0x000000008ad00000, 0x000000008ad00000, 0x000000008ae00000|  0%| F|  |TAMS 0x000000008ad00000, 0x000000008ad00000| Untracked 
|   6|0x000000008ae00000, 0x000000008ae00000, 0x000000008af00000|  0%| F|  |TAMS 0x000000008ae00000, 0x000000008ae00000| Untracked 
|   7|0x000000008af00000, 0x000000008af00000, 0x000000008b000000|  0%| F|  |TAMS 0x000000008af00000, 0x000000008af00000| Untracked 
|   8|0x000000008b000000, 0x000000008b000000, 0x000000008b100000|  0%| F|  |TAMS 0x000000008b000000, 0x000000008b000000| Untracked 
|   9|0x000000008b100000, 0x000000008b100000, 0x000000008b200000|  0%| F|  |TAMS 0x000000008b100000, 0x000000008b100000| Untracked 
|  10|0x000000008b200000, 0x000000008b200000, 0x000000008b300000|  0%| F|  |TAMS 0x000000008b200000, 0x000000008b200000| Untracked 
|  11|0x000000008b300000, 0x000000008b300000, 0x000000008b400000|  0%| F|  |TAMS 0x000000008b300000, 0x000000008b300000| Untracked 
|  12|0x000000008b400000, 0x000000008b400000, 0x000000008b500000|  0%| F|  |TAMS 0x000000008b400000, 0x000000008b400000| Untracked 
|  13|0x000000008b500000, 0x000000008b500000, 0x000000008b600000|  0%| F|  |TAMS 0x000000008b500000, 0x000000008b500000| Untracked 
|  14|0x000000008b600000, 0x000000008b600000, 0x000000008b700000|  0%| F|  |TAMS 0x000000008b600000, 0x000000008b600000| Untracked 
|  15|0x000000008b700000, 0x000000008b700000, 0x000000008b800000|  0%| F|  |TAMS 0x000000008b700000, 0x000000008b700000| Untracked 
|  16|0x000000008b800000, 0x000000008b800000, 0x000000008b900000|  0%| F|  |TAMS 0x000000008b800000, 0x000000008b800000| Untracked 
|  17|0x000000008b900000, 0x000000008b900000, 0x000000008ba00000|  0%| F|  |TAMS 0x000000008b900000, 0x000000008b900000| Untracked 
|  18|0x000000008ba00000, 0x000000008ba00000, 0x000000008bb00000|  0%| F|  |TAMS 0x000000008ba00000, 0x000000008ba00000| Untracked 
|  19|0x000000008bb00000, 0x000000008bb00000, 0x000000008bc00000|  0%| F|  |TAMS 0x000000008bb00000, 0x000000008bb00000| Untracked 
|  20|0x000000008bc00000, 0x000000008bc00000, 0x000000008bd00000|  0%| F|  |TAMS 0x000000008bc00000, 0x000000008bc00000| Untracked 
|  21|0x000000008bd00000, 0x000000008bd00000, 0x000000008be00000|  0%| F|  |TAMS 0x000000008bd00000, 0x000000008bd00000| Untracked 
|  22|0x000000008be00000, 0x000000008be00000, 0x000000008bf00000|  0%| F|  |TAMS 0x000000008be00000, 0x000000008be00000| Untracked 
|  23|0x000000008bf00000, 0x000000008bf00000, 0x000000008c000000|  0%| F|  |TAMS 0x000000008bf00000, 0x000000008bf00000| Untracked 
|  24|0x000000008c000000, 0x000000008c000000, 0x000000008c100000|  0%| F|  |TAMS 0x000000008c000000, 0x000000008c000000| Untracked 
|  25|0x000000008c100000, 0x000000008c100000, 0x000000008c200000|  0%| F|  |TAMS 0x000000008c100000, 0x000000008c100000| Untracked 
|  26|0x000000008c200000, 0x000000008c200000, 0x000000008c300000|  0%| F|  |TAMS 0x000000008c200000, 0x000000008c200000| Untracked 
|  27|0x000000008c300000, 0x000000008c300000, 0x000000008c400000|  0%| F|  |TAMS 0x000000008c300000, 0x000000008c300000| Untracked 
|  28|0x000000008c400000, 0x000000008c400000, 0x000000008c500000|  0%| F|  |TAMS 0x000000008c400000, 0x000000008c400000| Untracked 
|  29|0x000000008c500000, 0x000000008c500000, 0x000000008c600000|  0%| F|  |TAMS 0x000000008c500000, 0x000000008c500000| Untracked 
|  30|0x000000008c600000, 0x000000008c600000, 0x000000008c700000|  0%| F|  |TAMS 0x000000008c600000, 0x000000008c600000| Untracked 
|  31|0x000000008c700000, 0x000000008c700000, 0x000000008c800000|  0%| F|  |TAMS 0x000000008c700000, 0x000000008c700000| Untracked 
|  32|0x000000008c800000, 0x000000008c800000, 0x000000008c900000|  0%| F|  |TAMS 0x000000008c800000, 0x000000008c800000| Untracked 
|  33|0x000000008c900000, 0x000000008c900000, 0x000000008ca00000|  0%| F|  |TAMS 0x000000008c900000, 0x000000008c900000| Untracked 
|  34|0x000000008ca00000, 0x000000008ca00000, 0x000000008cb00000|  0%| F|  |TAMS 0x000000008ca00000, 0x000000008ca00000| Untracked 
|  35|0x000000008cb00000, 0x000000008cb00000, 0x000000008cc00000|  0%| F|  |TAMS 0x000000008cb00000, 0x000000008cb00000| Untracked 
|  36|0x000000008cc00000, 0x000000008cc00000, 0x000000008cd00000|  0%| F|  |TAMS 0x000000008cc00000, 0x000000008cc00000| Untracked 
|  37|0x000000008cd00000, 0x000000008cd00000, 0x000000008ce00000|  0%| F|  |TAMS 0x000000008cd00000, 0x000000008cd00000| Untracked 
|  38|0x000000008ce00000, 0x000000008ce00000, 0x000000008cf00000|  0%| F|  |TAMS 0x000000008ce00000, 0x000000008ce00000| Untracked 
|  39|0x000000008cf00000, 0x000000008cf00000, 0x000000008d000000|  0%| F|  |TAMS 0x000000008cf00000, 0x000000008cf00000| Untracked 
|  40|0x000000008d000000, 0x000000008d000000, 0x000000008d100000|  0%| F|  |TAMS 0x000000008d000000, 0x000000008d000000| Untracked 
|  41|0x000000008d100000, 0x000000008d100000, 0x000000008d200000|  0%| F|  |TAMS 0x000000008d100000, 0x000000008d100000| Untracked 
|  42|0x000000008d200000, 0x000000008d200000, 0x000000008d300000|  0%| F|  |TAMS 0x000000008d200000, 0x000000008d200000| Untracked 
|  43|0x000000008d300000, 0x000000008d300000, 0x000000008d400000|  0%| F|  |TAMS 0x000000008d300000, 0x000000008d300000| Untracked 
|  44|0x000000008d400000, 0x000000008d400000, 0x000000008d500000|  0%| F|  |TAMS 0x000000008d400000, 0x000000008d400000| Untracked 
|  45|0x000000008d500000, 0x000000008d500000, 0x000000008d600000|  0%| F|  |TAMS 0x000000008d500000, 0x000000008d500000| Untracked 
|  46|0x000000008d600000, 0x000000008d600000, 0x000000008d700000|  0%| F|  |TAMS 0x000000008d600000, 0x000000008d600000| Untracked 
|  47|0x000000008d700000, 0x000000008d700000, 0x000000008d800000|  0%| F|  |TAMS 0x000000008d700000, 0x000000008d700000| Untracked 
|  48|0x000000008d800000, 0x000000008d800000, 0x000000008d900000|  0%| F|  |TAMS 0x000000008d800000, 0x000000008d800000| Untracked 
|  49|0x000000008d900000, 0x000000008d900000, 0x000000008da00000|  0%| F|  |TAMS 0x000000008d900000, 0x000000008d900000| Untracked 
|  50|0x000000008da00000, 0x000000008da00000, 0x000000008db00000|  0%| F|  |TAMS 0x000000008da00000, 0x000000008da00000| Untracked 
|  51|0x000000008db00000, 0x000000008db00000, 0x000000008dc00000|  0%| F|  |TAMS 0x000000008db00000, 0x000000008db00000| Untracked 
|  52|0x000000008dc00000, 0x000000008dc00000, 0x000000008dd00000|  0%| F|  |TAMS 0x000000008dc00000, 0x000000008dc00000| Untracked 
|  53|0x000000008dd00000, 0x000000008dd00000, 0x000000008de00000|  0%| F|  |TAMS 0x000000008dd00000, 0x000000008dd00000| Untracked 
|  54|0x000000008de00000, 0x000000008de00000, 0x000000008df00000|  0%| F|  |TAMS 0x000000008de00000, 0x000000008de00000| Untracked 
|  55|0x000000008df00000, 0x000000008df00000, 0x000000008e000000|  0%| F|  |TAMS 0x000000008df00000, 0x000000008df00000| Untracked 
|  56|0x000000008e000000, 0x000000008e000000, 0x000000008e100000|  0%| F|  |TAMS 0x000000008e000000, 0x000000008e000000| Untracked 
|  57|0x000000008e100000, 0x000000008e100000, 0x000000008e200000|  0%| F|  |TAMS 0x000000008e100000, 0x000000008e100000| Untracked 
|  58|0x000000008e200000, 0x000000008e200000, 0x000000008e300000|  0%| F|  |TAMS 0x000000008e200000, 0x000000008e200000| Untracked 
|  59|0x000000008e300000, 0x000000008e300000, 0x000000008e400000|  0%| F|  |TAMS 0x000000008e300000, 0x000000008e300000| Untracked 
|  60|0x000000008e400000, 0x000000008e400000, 0x000000008e500000|  0%| F|  |TAMS 0x000000008e400000, 0x000000008e400000| Untracked 
|  61|0x000000008e500000, 0x000000008e500000, 0x000000008e600000|  0%| F|  |TAMS 0x000000008e500000, 0x000000008e500000| Untracked 
|  62|0x000000008e600000, 0x000000008e600000, 0x000000008e700000|  0%| F|  |TAMS 0x000000008e600000, 0x000000008e600000| Untracked 
|  63|0x000000008e700000, 0x000000008e700000, 0x000000008e800000|  0%| F|  |TAMS 0x000000008e700000, 0x000000008e700000| Untracked 
|  64|0x000000008e800000, 0x000000008e800000, 0x000000008e900000|  0%| F|  |TAMS 0x000000008e800000, 0x000000008e800000| Untracked 
|  65|0x000000008e900000, 0x000000008e900000, 0x000000008ea00000|  0%| F|  |TAMS 0x000000008e900000, 0x000000008e900000| Untracked 
|  66|0x000000008ea00000, 0x000000008ea00000, 0x000000008eb00000|  0%| F|  |TAMS 0x000000008ea00000, 0x000000008ea00000| Untracked 
|  67|0x000000008eb00000, 0x000000008eb00000, 0x000000008ec00000|  0%| F|  |TAMS 0x000000008eb00000, 0x000000008eb00000| Untracked 
|  68|0x000000008ec00000, 0x000000008ec00000, 0x000000008ed00000|  0%| F|  |TAMS 0x000000008ec00000, 0x000000008ec00000| Untracked 
|  69|0x000000008ed00000, 0x000000008ed00000, 0x000000008ee00000|  0%| F|  |TAMS 0x000000008ed00000, 0x000000008ed00000| Untracked 
|  70|0x000000008ee00000, 0x000000008ee00000, 0x000000008ef00000|  0%| F|  |TAMS 0x000000008ee00000, 0x000000008ee00000| Untracked 
|  71|0x000000008ef00000, 0x000000008ef00000, 0x000000008f000000|  0%| F|  |TAMS 0x000000008ef00000, 0x000000008ef00000| Untracked 
|  72|0x000000008f000000, 0x000000008f000000, 0x000000008f100000|  0%| F|  |TAMS 0x000000008f000000, 0x000000008f000000| Untracked 
|  73|0x000000008f100000, 0x000000008f100000, 0x000000008f200000|  0%| F|  |TAMS 0x000000008f100000, 0x000000008f100000| Untracked 
|  74|0x000000008f200000, 0x000000008f200000, 0x000000008f300000|  0%| F|  |TAMS 0x000000008f200000, 0x000000008f200000| Untracked 
|  75|0x000000008f300000, 0x000000008f300000, 0x000000008f400000|  0%| F|  |TAMS 0x000000008f300000, 0x000000008f300000| Untracked 
|  76|0x000000008f400000, 0x000000008f400000, 0x000000008f500000|  0%| F|  |TAMS 0x000000008f400000, 0x000000008f400000| Untracked 
|  77|0x000000008f500000, 0x000000008f500000, 0x000000008f600000|  0%| F|  |TAMS 0x000000008f500000, 0x000000008f500000| Untracked 
|  78|0x000000008f600000, 0x000000008f600000, 0x000000008f700000|  0%| F|  |TAMS 0x000000008f600000, 0x000000008f600000| Untracked 
|  79|0x000000008f700000, 0x000000008f700000, 0x000000008f800000|  0%| F|  |TAMS 0x000000008f700000, 0x000000008f700000| Untracked 
|  80|0x000000008f800000, 0x000000008f800000, 0x000000008f900000|  0%| F|  |TAMS 0x000000008f800000, 0x000000008f800000| Untracked 
|  81|0x000000008f900000, 0x000000008f900000, 0x000000008fa00000|  0%| F|  |TAMS 0x000000008f900000, 0x000000008f900000| Untracked 
|  82|0x000000008fa00000, 0x000000008fa00000, 0x000000008fb00000|  0%| F|  |TAMS 0x000000008fa00000, 0x000000008fa00000| Untracked 
|  83|0x000000008fb00000, 0x000000008fb00000, 0x000000008fc00000|  0%| F|  |TAMS 0x000000008fb00000, 0x000000008fb00000| Untracked 
|  84|0x000000008fc00000, 0x000000008fc00000, 0x000000008fd00000|  0%| F|  |TAMS 0x000000008fc00000, 0x000000008fc00000| Untracked 
|  85|0x000000008fd00000, 0x000000008fd00000, 0x000000008fe00000|  0%| F|  |TAMS 0x000000008fd00000, 0x000000008fd00000| Untracked 
|  86|0x000000008fe00000, 0x000000008fe00000, 0x000000008ff00000|  0%| F|  |TAMS 0x000000008fe00000, 0x000000008fe00000| Untracked 
|  87|0x000000008ff00000, 0x000000008ff00000, 0x0000000090000000|  0%| F|  |TAMS 0x000000008ff00000, 0x000000008ff00000| Untracked 
|  88|0x0000000090000000, 0x0000000090000000, 0x0000000090100000|  0%| F|  |TAMS 0x0000000090000000, 0x0000000090000000| Untracked 
|  89|0x0000000090100000, 0x0000000090100000, 0x0000000090200000|  0%| F|  |TAMS 0x0000000090100000, 0x0000000090100000| Untracked 
|  90|0x0000000090200000, 0x0000000090200000, 0x0000000090300000|  0%| F|  |TAMS 0x0000000090200000, 0x0000000090200000| Untracked 
|  91|0x0000000090300000, 0x0000000090300000, 0x0000000090400000|  0%| F|  |TAMS 0x0000000090300000, 0x0000000090300000| Untracked 
|  92|0x0000000090400000, 0x0000000090400000, 0x0000000090500000|  0%| F|  |TAMS 0x0000000090400000, 0x0000000090400000| Untracked 
|  93|0x0000000090500000, 0x0000000090500000, 0x0000000090600000|  0%| F|  |TAMS 0x0000000090500000, 0x0000000090500000| Untracked 
|  94|0x0000000090600000, 0x0000000090600000, 0x0000000090700000|  0%| F|  |TAMS 0x0000000090600000, 0x0000000090600000| Untracked 
|  95|0x0000000090700000, 0x0000000090700000, 0x0000000090800000|  0%| F|  |TAMS 0x0000000090700000, 0x0000000090700000| Untracked 
|  96|0x0000000090800000, 0x0000000090800000, 0x0000000090900000|  0%| F|  |TAMS 0x0000000090800000, 0x0000000090800000| Untracked 
|  97|0x0000000090900000, 0x0000000090900000, 0x0000000090a00000|  0%| F|  |TAMS 0x0000000090900000, 0x0000000090900000| Untracked 
|  98|0x0000000090a00000, 0x0000000090a00000, 0x0000000090b00000|  0%| F|  |TAMS 0x0000000090a00000, 0x0000000090a00000| Untracked 
|  99|0x0000000090b00000, 0x0000000090b773c8, 0x0000000090c00000| 46%| E|  |TAMS 0x0000000090b00000, 0x0000000090b00000| Complete 
| 100|0x0000000090c00000, 0x0000000090d00000, 0x0000000090d00000|100%| E|CS|TAMS 0x0000000090c00000, 0x0000000090c00000| Complete 
| 101|0x0000000090d00000, 0x0000000090e00000, 0x0000000090e00000|100%| E|CS|TAMS 0x0000000090d00000, 0x0000000090d00000| Complete 
| 102|0x0000000090e00000, 0x0000000090f00000, 0x0000000090f00000|100%| E|CS|TAMS 0x0000000090e00000, 0x0000000090e00000| Complete 
| 103|0x0000000090f00000, 0x0000000091000000, 0x0000000091000000|100%| E|CS|TAMS 0x0000000090f00000, 0x0000000090f00000| Complete 
| 104|0x0000000091000000, 0x0000000091100000, 0x0000000091100000|100%| E|CS|TAMS 0x0000000091000000, 0x0000000091000000| Complete 
| 105|0x0000000091100000, 0x0000000091200000, 0x0000000091200000|100%| E|CS|TAMS 0x0000000091100000, 0x0000000091100000| Complete 
| 106|0x0000000091200000, 0x0000000091300000, 0x0000000091300000|100%| E|CS|TAMS 0x0000000091200000, 0x0000000091200000| Complete 
| 107|0x0000000091300000, 0x0000000091400000, 0x0000000091400000|100%| E|CS|TAMS 0x0000000091300000, 0x0000000091300000| Complete 
| 108|0x0000000091400000, 0x0000000091500000, 0x0000000091500000|100%| E|CS|TAMS 0x0000000091400000, 0x0000000091400000| Complete 
| 109|0x0000000091500000, 0x0000000091600000, 0x0000000091600000|100%| E|CS|TAMS 0x0000000091500000, 0x0000000091500000| Complete 
| 110|0x0000000091600000, 0x0000000091700000, 0x0000000091700000|100%| E|CS|TAMS 0x0000000091600000, 0x0000000091600000| Complete 
| 111|0x0000000091700000, 0x0000000091800000, 0x0000000091800000|100%| E|CS|TAMS 0x0000000091700000, 0x0000000091700000| Complete 
| 112|0x0000000091800000, 0x0000000091900000, 0x0000000091900000|100%| E|CS|TAMS 0x0000000091800000, 0x0000000091800000| Complete 
| 113|0x0000000091900000, 0x0000000091a00000, 0x0000000091a00000|100%| E|CS|TAMS 0x0000000091900000, 0x0000000091900000| Complete 
| 114|0x0000000091a00000, 0x0000000091b00000, 0x0000000091b00000|100%| E|CS|TAMS 0x0000000091a00000, 0x0000000091a00000| Complete 
| 115|0x0000000091b00000, 0x0000000091c00000, 0x0000000091c00000|100%| E|CS|TAMS 0x0000000091b00000, 0x0000000091b00000| Complete 
| 116|0x0000000091c00000, 0x0000000091d00000, 0x0000000091d00000|100%| E|CS|TAMS 0x0000000091c00000, 0x0000000091c00000| Complete 
| 117|0x0000000091d00000, 0x0000000091e00000, 0x0000000091e00000|100%| E|CS|TAMS 0x0000000091d00000, 0x0000000091d00000| Complete 

Card table byte_map: [0x000001f7f26e0000,0x000001f7f2a90000] _byte_map_base: 0x000001f7f228c000

Marking Bits (Prev, Next): (CMBitMap*) 0x000001f7ec81dbf0, (CMBitMap*) 0x000001f7ec81dc30
 Prev Bits: [0x000001f7f2e40000, 0x000001f7f4ba0000)
 Next Bits: [0x000001f7f4ba0000, 0x000001f7f6900000)

Polling page: 0x000001f7ec870000

Metaspace:

Usage:
  Non-class:     15.58 MB used.
      Class:      1.90 MB used.
       Both:     17.47 MB used.

Virtual space:
  Non-class space:       64.00 MB reserved,      15.62 MB ( 24%) committed,  1 nodes.
      Class space:        1.00 GB reserved,       2.00 MB ( <1%) committed,  1 nodes.
             Both:        1.06 GB reserved,      17.62 MB (  2%) committed. 

Chunk freelists:
   Non-Class:  203.00 KB
       Class:  14.03 MB
        Both:  14.23 MB

MaxMetaspaceSize: unlimited
CompressedClassSpaceSize: 1.00 GB
Initial GC threshold: 21.00 MB
Current GC threshold: 21.00 MB
CDS: off
MetaspaceReclaimPolicy: balanced
 - commit_granule_bytes: 65536.
 - commit_granule_words: 8192.
 - virtual_space_node_default_size: 8388608.
 - enlarge_chunks_in_place: 1.
 - new_chunks_are_fully_committed: 0.
 - uncommit_free_chunks: 1.
 - use_allocation_guard: 0.
 - handle_deallocations: 1.


Internal statistics:

num_allocs_failed_limit: 0.
num_arena_births: 124.
num_arena_deaths: 0.
num_vsnodes_births: 2.
num_vsnodes_deaths: 0.
num_space_committed: 282.
num_space_uncommitted: 0.
num_chunks_returned_to_freelist: 0.
num_chunks_taken_from_freelist: 218.
num_chunk_merges: 0.
num_chunk_splits: 114.
num_chunks_enlarged: 42.
num_inconsistent_stats: 0.

CodeHeap 'non-profiled nmethods': size=120000Kb used=387Kb max_used=387Kb free=119612Kb
 bounds [0x000001f787ad0000, 0x000001f787d40000, 0x000001f78f000000]
CodeHeap 'profiled nmethods': size=120000Kb used=2359Kb max_used=2359Kb free=117640Kb
 bounds [0x000001f780000000, 0x000001f780270000, 0x000001f787530000]
CodeHeap 'non-nmethods': size=5760Kb used=1295Kb max_used=1318Kb free=4464Kb
 bounds [0x000001f787530000, 0x000001f7877a0000, 0x000001f787ad0000]
 total_blobs=1997 nmethods=1366 adapters=544
 compilation: enabled
              stopped_count=0, restarted_count=0
 full_count=0

Compilation events (20 events):
Event: 1.217 Thread 0x000001f7f9675dc0 1335       3       java.lang.Double::isNaN (12 bytes)
Event: 1.217 Thread 0x000001f7f9675dc0 nmethod 1335 0x000001f780244a10 code [0x000001f780244ba0, 0x000001f780244d18]
Event: 1.221 Thread 0x000001f7f9675dc0 1336       3       java.awt.Rectangle::<init> (26 bytes)
Event: 1.221 Thread 0x000001f7f9675dc0 nmethod 1336 0x000001f780244d90 code [0x000001f780244f40, 0x000001f780245178]
Event: 1.221 Thread 0x000001f7f9675dc0 1337       3       javax.swing.text.GapContent::length (17 bytes)
Event: 1.221 Thread 0x000001f7f9675dc0 nmethod 1337 0x000001f780245290 code [0x000001f780245440, 0x000001f7802456f8]
Event: 1.221 Thread 0x000001f7f9675dc0 1338       3       javax.swing.text.GapContent::getArrayLength (11 bytes)
Event: 1.221 Thread 0x000001f7f9675dc0 nmethod 1338 0x000001f780245810 code [0x000001f7802459a0, 0x000001f780245bb8]
Event: 1.223 Thread 0x000001f7f9675dc0 1339       3       java.lang.Double::doubleToLongBits (16 bytes)
Event: 1.223 Thread 0x000001f7f9675dc0 nmethod 1339 0x000001f780245c90 code [0x000001f780245e40, 0x000001f780246098]
Event: 1.224 Thread 0x000001f7f9675dc0 1340       3       java.lang.StrictMath::floorOrCeil (128 bytes)
Event: 1.224 Thread 0x000001f7f9675dc0 nmethod 1340 0x000001f780246190 code [0x000001f780246360, 0x000001f7802467f8]
Event: 1.224 Thread 0x000001f7f9675dc0 1341       3       java.lang.Math::getExponent (17 bytes)
Event: 1.224 Thread 0x000001f7f9675dc0 nmethod 1341 0x000001f780246910 code [0x000001f780246aa0, 0x000001f780246bd8]
Event: 1.225 Thread 0x000001f7f9675dc0 1342       3       sun.font.FontDesignMetrics::getLatinCharWidth (29 bytes)
Event: 1.225 Thread 0x000001f7f9675dc0 nmethod 1342 0x000001f780246c90 code [0x000001f780246e60, 0x000001f780247168]
Event: 1.226 Thread 0x000001f7f9675dc0 1343       3       jdk.internal.misc.Unsafe::putFloat (8 bytes)
Event: 1.226 Thread 0x000001f7f9675dc0 nmethod 1343 0x000001f780247310 code [0x000001f7802474a0, 0x000001f7802475b8]
Event: 1.229 Thread 0x000001f7f9675dc0 1345       3       java.util.WeakHashMap::indexFor (6 bytes)
Event: 1.229 Thread 0x000001f7f9675dc0 nmethod 1345 0x000001f780247690 code [0x000001f780247820, 0x000001f780247918]

GC Heap History (0 events):
No events

Dll operation events (9 events):
Event: 0.009 Loaded shared library C:\Users\hp\Downloads\eclipse-jee-2023-12-R-win32-x86_64\eclipse\plugins\org.eclipse.justj.openjdk.hotspot.jre.full.win32.x86_64_17.0.9.v20231028-0858\jre\bin\java.dll
Event: 0.130 Loaded shared library C:\Users\hp\Downloads\eclipse-jee-2023-12-R-win32-x86_64\eclipse\plugins\org.eclipse.justj.openjdk.hotspot.jre.full.win32.x86_64_17.0.9.v20231028-0858\jre\bin\net.dll
Event: 0.132 Loaded shared library C:\Users\hp\Downloads\eclipse-jee-2023-12-R-win32-x86_64\eclipse\plugins\org.eclipse.justj.openjdk.hotspot.jre.full.win32.x86_64_17.0.9.v20231028-0858\jre\bin\nio.dll
Event: 0.143 Loaded shared library C:\Users\hp\Downloads\eclipse-jee-2023-12-R-win32-x86_64\eclipse\plugins\org.eclipse.justj.openjdk.hotspot.jre.full.win32.x86_64_17.0.9.v20231028-0858\jre\bin\zip.dll
Event: 0.156 Loaded shared library C:\Users\hp\Downloads\eclipse-jee-2023-12-R-win32-x86_64\eclipse\plugins\org.eclipse.justj.openjdk.hotspot.jre.full.win32.x86_64_17.0.9.v20231028-0858\jre\bin\jimage.dll
Event: 0.209 Loaded shared library C:\Users\hp\Downloads\eclipse-jee-2023-12-R-win32-x86_64\eclipse\plugins\org.eclipse.justj.openjdk.hotspot.jre.full.win32.x86_64_17.0.9.v20231028-0858\jre\bin\awt.dll
Event: 0.518 Loaded shared library C:\Users\hp\Downloads\eclipse-jee-2023-12-R-win32-x86_64\eclipse\plugins\org.eclipse.justj.openjdk.hotspot.jre.full.win32.x86_64_17.0.9.v20231028-0858\jre\bin\verify.dll
Event: 0.639 Loaded shared library C:\Users\hp\Downloads\eclipse-jee-2023-12-R-win32-x86_64\eclipse\plugins\org.eclipse.justj.openjdk.hotspot.jre.full.win32.x86_64_17.0.9.v20231028-0858\jre\bin\freetype.dll
Event: 0.641 Loaded shared library C:\Users\hp\Downloads\eclipse-jee-2023-12-R-win32-x86_64\eclipse\plugins\org.eclipse.justj.openjdk.hotspot.jre.full.win32.x86_64_17.0.9.v20231028-0858\jre\bin\fontmanager.dll

Deoptimization events (20 events):
Event: 0.654 Thread 0x000001f7ec7c2720 Uncommon trap: trap_request=0xffffff45 fr.pc=0x000001f787af62c0 relative=0x0000000000000340
Event: 0.654 Thread 0x000001f7ec7c2720 Uncommon trap: reason=unstable_if action=reinterpret pc=0x000001f787af62c0 method=java.lang.StringUTF16.compress([CI[BII)I @ 20 c2
Event: 0.654 Thread 0x000001f7ec7c2720 DEOPT PACKING pc=0x000001f787af62c0 sp=0x0000008f7e0fca80
Event: 0.655 Thread 0x000001f7ec7c2720 DEOPT UNPACKING pc=0x000001f7875869a3 sp=0x0000008f7e0fca00 mode 2
Event: 0.656 Thread 0x000001f7ec7c2720 Uncommon trap: trap_request=0xffffff45 fr.pc=0x000001f787af3738 relative=0x0000000000000218
Event: 0.656 Thread 0x000001f7ec7c2720 Uncommon trap: reason=unstable_if action=reinterpret pc=0x000001f787af3738 method=java.util.StringTokenizer.scanToken(I)I @ 42 c2
Event: 0.656 Thread 0x000001f7ec7c2720 DEOPT PACKING pc=0x000001f787af3738 sp=0x0000008f7e0fcda0
Event: 0.656 Thread 0x000001f7ec7c2720 DEOPT UNPACKING pc=0x000001f7875869a3 sp=0x0000008f7e0fcd30 mode 2
Event: 1.005 Thread 0x000001f79323e7e0 Uncommon trap: trap_request=0xffffff45 fr.pc=0x000001f787b1d4dc relative=0x000000000000049c
Event: 1.005 Thread 0x000001f79323e7e0 Uncommon trap: reason=unstable_if action=reinterpret pc=0x000001f787b1d4dc method=java.lang.StringLatin1.toLowerCase(Ljava/lang/String;[BLjava/util/Locale;)Ljava/lang/String; @ 43 c2
Event: 1.005 Thread 0x000001f79323e7e0 DEOPT PACKING pc=0x000001f787b1d4dc sp=0x0000008f001fce50
Event: 1.005 Thread 0x000001f79323e7e0 DEOPT UNPACKING pc=0x000001f7875869a3 sp=0x0000008f001fcdc0 mode 2
Event: 1.164 Thread 0x000001f79323e7e0 Uncommon trap: trap_request=0xffffff45 fr.pc=0x000001f787ad97bc relative=0x00000000000001bc
Event: 1.164 Thread 0x000001f79323e7e0 Uncommon trap: reason=unstable_if action=reinterpret pc=0x000001f787ad97bc method=java.lang.String.hashCode()I @ 20 c2
Event: 1.164 Thread 0x000001f79323e7e0 DEOPT PACKING pc=0x000001f787ad97bc sp=0x0000008f001fcc60
Event: 1.164 Thread 0x000001f79323e7e0 DEOPT UNPACKING pc=0x000001f7875869a3 sp=0x0000008f001fcbf0 mode 2
Event: 1.183 Thread 0x000001f79323e7e0 Uncommon trap: trap_request=0xffffff45 fr.pc=0x000001f787b29e30 relative=0x00000000000003f0
Event: 1.183 Thread 0x000001f79323e7e0 Uncommon trap: reason=unstable_if action=reinterpret pc=0x000001f787b29e30 method=java.lang.Character.isSurrogate(C)Z @ 3 c2
Event: 1.183 Thread 0x000001f79323e7e0 DEOPT PACKING pc=0x000001f787b29e30 sp=0x0000008f001fc960
Event: 1.183 Thread 0x000001f79323e7e0 DEOPT UNPACKING pc=0x000001f7875869a3 sp=0x0000008f001fc878 mode 2

Classes unloaded (0 events):
No events

Classes redefined (0 events):
No events

Internal exceptions (13 events):
Event: 0.195 Thread 0x000001f7ec7c2720 Exception <a 'java/lang/ClassNotFoundException'{0x0000000091c85720}: sun/awt/resources/spi/awtProvider> (0x0000000091c85720) 
thrown [s\src\hotspot\share\classfile\systemDictionary.cpp, line 256]
Event: 0.231 Thread 0x000001f7ec7c2720 Exception <a 'java/io/FileNotFoundException'{0x0000000091cdf328}> (0x0000000091cdf328) 
thrown [s\src\hotspot\share\prims\jni.cpp, line 516]
Event: 0.240 Thread 0x000001f7ec7c2720 Exception <a 'java/io/FileNotFoundException'{0x0000000091b0ce08}> (0x0000000091b0ce08) 
thrown [s\src\hotspot\share\prims\jni.cpp, line 516]
Event: 0.298 Thread 0x000001f7ec7c2720 Exception <a 'java/lang/NoSuchMethodError'{0x0000000091b5dc50}: 'java.lang.Object java.lang.invoke.DirectMethodHandle$Holder.invokeStaticInit(java.lang.Object)'> (0x0000000091b5dc50) 
thrown [s\src\hotspot\share\interpreter\linkResolver.cpp, line 759]
Event: 0.420 Thread 0x000001f7ec7c2720 Exception <a 'java/lang/NoSuchMethodError'{0x0000000091a1ed78}: 'void java.lang.invoke.DirectMethodHandle$Holder.invokeSpecial(java.lang.Object, java.lang.Object, java.lang.Object)'> (0x0000000091a1ed78) 
thrown [s\src\hotspot\share\interpreter\linkResolver.cpp, line 759]
Event: 0.430 Thread 0x000001f7ec7c2720 Exception <a 'java/lang/NoSuchMethodError'{0x0000000091a48f20}: 'java.lang.Object java.lang.invoke.DirectMethodHandle$Holder.newInvokeSpecial(java.lang.Object, java.lang.Object, java.lang.Object, java.lang.Object, java.lang.Object)'> (0x0000000091a48f20) 
thrown [s\src\hotspot\share\interpreter\linkResolver.cpp, line 759]
Event: 0.431 Thread 0x000001f7ec7c2720 Exception <a 'java/lang/NoSuchMethodError'{0x0000000091a548e8}: 'java.lang.Object java.lang.invoke.DirectMethodHandle$Holder.invokeStatic(java.lang.Object, int, java.lang.Object, java.lang.Object, java.lang.Object, java.lang.Object)'> (0x0000000091a548e8) 
thrown [s\src\hotspot\share\interpreter\linkResolver.cpp, line 759]
Event: 0.437 Thread 0x000001f7ec7c2720 Exception <a 'java/lang/NoSuchMethodError'{0x0000000091a7a328}: 'java.lang.Object java.lang.invoke.DirectMethodHandle$Holder.invokeStatic(java.lang.Object, int, java.lang.Object)'> (0x0000000091a7a328) 
thrown [s\src\hotspot\share\interpreter\linkResolver.cpp, line 759]
Event: 0.468 Thread 0x000001f7ec7c2720 Exception <a 'java/lang/ClassNotFoundException'{0x0000000091932750}: com/sun/swing/internal/plaf/metal/resources/spi/metalProvider> (0x0000000091932750) 
thrown [s\src\hotspot\share\classfile\systemDictionary.cpp, line 256]
Event: 0.469 Thread 0x000001f7ec7c2720 Exception <a 'java/lang/ClassNotFoundException'{0x00000000919365f8}: com/sun/swing/internal/plaf/basic/resources/spi/basicProvider> (0x00000000919365f8) 
thrown [s\src\hotspot\share\classfile\systemDictionary.cpp, line 256]
Event: 0.816 Thread 0x000001f7fe520370 Exception <a 'java/lang/NoSuchMethodError'{0x00000000914003d0}: 'java.lang.Object java.lang.invoke.DirectMethodHandle$Holder.newInvokeSpecial(java.lang.Object, java.lang.Object, java.lang.Object, int, int, int, int, int)'> (0x00000000914003d0) 
thrown [s\src\hotspot\share\interpreter\linkResolver.cpp, line 759]
Event: 0.847 Thread 0x000001f7fe1084f0 Exception <a 'java/lang/NoSuchMethodError'{0x0000000091b85d90}: 'void java.lang.invoke.DirectMethodHandle$Holder.invokeVirtual(java.lang.Object, java.lang.Object)'> (0x0000000091b85d90) 
thrown [s\src\hotspot\share\interpreter\linkResolver.cpp, line 759]
Event: 0.865 Thread 0x000001f7ec7c2720 Exception <a 'java/lang/NoSuchMethodError'{0x00000000914a04b0}: 'void java.lang.invoke.DirectMethodHandle$Holder.invokeStaticInit(java.lang.Object)'> (0x00000000914a04b0) 
thrown [s\src\hotspot\share\interpreter\linkResolver.cpp, line 759]

VM Operations (12 events):
Event: 0.139 Executing VM operation: HandshakeAllThreads
Event: 0.139 Executing VM operation: HandshakeAllThreads done
Event: 0.503 Executing VM operation: HandshakeAllThreads
Event: 0.503 Executing VM operation: HandshakeAllThreads done
Event: 0.664 Executing VM operation: HandshakeAllThreads
Event: 0.664 Executing VM operation: HandshakeAllThreads done
Event: 0.835 Executing VM operation: HandshakeAllThreads
Event: 0.835 Executing VM operation: HandshakeAllThreads done
Event: 0.958 Executing VM operation: HandshakeAllThreads
Event: 0.958 Executing VM operation: HandshakeAllThreads done
Event: 1.086 Executing VM operation: ICBufferFull
Event: 1.086 Executing VM operation: ICBufferFull done

Events (20 events):
Event: 1.215 loading class java/awt/print/PrinterGraphics
Event: 1.215 loading class java/awt/print/PrinterGraphics done
Event: 1.215 loading class java/awt/PrintGraphics
Event: 1.215 loading class java/awt/PrintGraphics done
Event: 1.215 loading class sun/java2d/loops/FontInfo
Event: 1.215 loading class sun/java2d/loops/FontInfo done
Event: 1.216 loading class javax/swing/plaf/metal/MetalUtils
Event: 1.216 loading class javax/swing/plaf/metal/MetalUtils done
Event: 1.228 loading class javax/swing/plaf/metal/MetalUtils$GradientPainter
Event: 1.228 loading class sun/swing/CachedPainter
Event: 1.228 loading class sun/swing/CachedPainter done
Event: 1.228 loading class javax/swing/plaf/metal/MetalUtils$GradientPainter done
Event: 1.229 loading class sun/swing/CachedPainter$PainterMultiResolutionCachedImage
Event: 1.229 loading class java/awt/image/AbstractMultiResolutionImage
Event: 1.229 loading class java/awt/image/AbstractMultiResolutionImage done
Event: 1.229 loading class sun/swing/CachedPainter$PainterMultiResolutionCachedImage done
Event: 1.229 loading class sun/swing/ImageCache
Event: 1.229 loading class sun/swing/ImageCache done
Event: 1.229 loading class sun/swing/ImageCache$Entry
Event: 1.229 loading class sun/swing/ImageCache$Entry done


Dynamic libraries:
0x00007ff7982f0000 - 0x00007ff7982fe000 	C:\Users\hp\Downloads\eclipse-jee-2023-12-R-win32-x86_64\eclipse\plugins\org.eclipse.justj.openjdk.hotspot.jre.full.win32.x86_64_17.0.9.v20231028-0858\jre\bin\javaw.exe
0x00007ff80e010000 - 0x00007ff80e227000 	C:\windows\SYSTEM32\ntdll.dll
0x00007ff80cd30000 - 0x00007ff80cdf4000 	C:\windows\System32\KERNEL32.DLL
0x00007ff80b7d0000 - 0x00007ff80bb77000 	C:\windows\System32\KERNELBASE.dll
0x00007ff80b420000 - 0x00007ff80b531000 	C:\windows\System32\ucrtbase.dll
0x00007ff8025d0000 - 0x00007ff8025e7000 	C:\Users\hp\Downloads\eclipse-jee-2023-12-R-win32-x86_64\eclipse\plugins\org.eclipse.justj.openjdk.hotspot.jre.full.win32.x86_64_17.0.9.v20231028-0858\jre\bin\jli.dll
0x00007ff802660000 - 0x00007ff80267b000 	C:\Users\hp\Downloads\eclipse-jee-2023-12-R-win32-x86_64\eclipse\plugins\org.eclipse.justj.openjdk.hotspot.jre.full.win32.x86_64_17.0.9.v20231028-0858\jre\bin\VCRUNTIME140.dll
0x00007ff80d5e0000 - 0x00007ff80d78e000 	C:\windows\System32\USER32.dll
0x00007ff80bd10000 - 0x00007ff80bd36000 	C:\windows\System32\win32u.dll
0x00007fffe7200000 - 0x00007fffe7493000 	C:\windows\WinSxS\amd64_microsoft.windows.common-controls_6595b64144ccf1df_6.0.22621.3527_none_270e469b73872a76\COMCTL32.dll
0x00007ff80bf20000 - 0x00007ff80bf49000 	C:\windows\System32\GDI32.dll
0x00007ff80cc80000 - 0x00007ff80cd27000 	C:\windows\System32\msvcrt.dll
0x00007ff80b6b0000 - 0x00007ff80b7c9000 	C:\windows\System32\gdi32full.dll
0x00007ff80bbb0000 - 0x00007ff80bc4a000 	C:\windows\System32\msvcp_win.dll
0x00007ff80c7b0000 - 0x00007ff80c7e1000 	C:\windows\System32\IMM32.DLL
0x00007ff806750000 - 0x00007ff80675c000 	C:\Users\hp\Downloads\eclipse-jee-2023-12-R-win32-x86_64\eclipse\plugins\org.eclipse.justj.openjdk.hotspot.jre.full.win32.x86_64_17.0.9.v20231028-0858\jre\bin\vcruntime140_1.dll
0x00007fffe1a10000 - 0x00007fffe1a9d000 	C:\Users\hp\Downloads\eclipse-jee-2023-12-R-win32-x86_64\eclipse\plugins\org.eclipse.justj.openjdk.hotspot.jre.full.win32.x86_64_17.0.9.v20231028-0858\jre\bin\msvcp140.dll
0x00007fffc2b70000 - 0x00007fffc37d1000 	C:\Users\hp\Downloads\eclipse-jee-2023-12-R-win32-x86_64\eclipse\plugins\org.eclipse.justj.openjdk.hotspot.jre.full.win32.x86_64_17.0.9.v20231028-0858\jre\bin\server\jvm.dll
0x00007ff80df10000 - 0x00007ff80dfc2000 	C:\windows\System32\ADVAPI32.dll
0x00007ff80cbd0000 - 0x00007ff80cc78000 	C:\windows\System32\sechost.dll
0x00007ff80bb80000 - 0x00007ff80bba8000 	C:\windows\System32\bcrypt.dll
0x00007ff80ce00000 - 0x00007ff80cf15000 	C:\windows\System32\RPCRT4.dll
0x00007ff80b1f0000 - 0x00007ff80b23d000 	C:\windows\SYSTEM32\POWRPROF.dll
0x00007fffdab80000 - 0x00007fffdab89000 	C:\windows\SYSTEM32\WSOCK32.dll
0x00007ff80d800000 - 0x00007ff80d871000 	C:\windows\System32\WS2_32.dll
0x00007ff803480000 - 0x00007ff8034b4000 	C:\windows\SYSTEM32\WINMM.dll
0x00007ff801ff0000 - 0x00007ff801ffa000 	C:\windows\SYSTEM32\VERSION.dll
0x00007ff80b1d0000 - 0x00007ff80b1e3000 	C:\windows\SYSTEM32\UMPDC.dll
0x00007ff80a320000 - 0x00007ff80a338000 	C:\windows\SYSTEM32\kernel.appcore.dll
0x00007fffe8a90000 - 0x00007fffe8a9a000 	C:\Users\hp\Downloads\eclipse-jee-2023-12-R-win32-x86_64\eclipse\plugins\org.eclipse.justj.openjdk.hotspot.jre.full.win32.x86_64_17.0.9.v20231028-0858\jre\bin\jimage.dll
0x00007ff800990000 - 0x00007ff800bc3000 	C:\windows\SYSTEM32\DBGHELP.DLL
0x00007ff80cf80000 - 0x00007ff80d308000 	C:\windows\System32\combase.dll
0x00007ff80c850000 - 0x00007ff80c927000 	C:\windows\System32\OLEAUT32.dll
0x00007ff8016f0000 - 0x00007ff801722000 	C:\windows\SYSTEM32\dbgcore.DLL
0x00007ff80b330000 - 0x00007ff80b3a9000 	C:\windows\System32\bcryptPrimitives.dll
0x00007fffd6570000 - 0x00007fffd6595000 	C:\Users\hp\Downloads\eclipse-jee-2023-12-R-win32-x86_64\eclipse\plugins\org.eclipse.justj.openjdk.hotspot.jre.full.win32.x86_64_17.0.9.v20231028-0858\jre\bin\java.dll
0x00007fffe2fa0000 - 0x00007fffe2fb8000 	C:\Users\hp\Downloads\eclipse-jee-2023-12-R-win32-x86_64\eclipse\plugins\org.eclipse.justj.openjdk.hotspot.jre.full.win32.x86_64_17.0.9.v20231028-0858\jre\bin\zip.dll
0x00007ff80bf50000 - 0x00007ff80c7ac000 	C:\windows\System32\SHELL32.dll
0x00007ff809220000 - 0x00007ff809b16000 	C:\windows\SYSTEM32\windows.storage.dll
0x00007ff8090e0000 - 0x00007ff80921e000 	C:\windows\SYSTEM32\wintypes.dll
0x00007ff80d900000 - 0x00007ff80d9f5000 	C:\windows\System32\SHCORE.dll
0x00007ff80d7a0000 - 0x00007ff80d7fe000 	C:\windows\System32\shlwapi.dll
0x00007ff80b260000 - 0x00007ff80b281000 	C:\windows\SYSTEM32\profapi.dll
0x00007fffd6550000 - 0x00007fffd6569000 	C:\Users\hp\Downloads\eclipse-jee-2023-12-R-win32-x86_64\eclipse\plugins\org.eclipse.justj.openjdk.hotspot.jre.full.win32.x86_64_17.0.9.v20231028-0858\jre\bin\net.dll
0x00007ff805580000 - 0x00007ff8056b6000 	C:\windows\SYSTEM32\WINHTTP.dll
0x00007ff80a790000 - 0x00007ff80a7f9000 	C:\windows\system32\mswsock.dll
0x00007fffd6530000 - 0x00007fffd6546000 	C:\Users\hp\Downloads\eclipse-jee-2023-12-R-win32-x86_64\eclipse\plugins\org.eclipse.justj.openjdk.hotspot.jre.full.win32.x86_64_17.0.9.v20231028-0858\jre\bin\nio.dll
0x00007fffa1730000 - 0x00007fffa18c0000 	C:\Users\hp\Downloads\eclipse-jee-2023-12-R-win32-x86_64\eclipse\plugins\org.eclipse.justj.openjdk.hotspot.jre.full.win32.x86_64_17.0.9.v20231028-0858\jre\bin\awt.dll
0x00007ff808650000 - 0x00007ff8086e7000 	C:\windows\SYSTEM32\apphelp.dll
0x00007ff808a70000 - 0x00007ff808a9b000 	C:\windows\system32\DWMAPI.DLL
0x00007ff8087c0000 - 0x00007ff80886b000 	C:\windows\system32\uxtheme.dll
0x00007fffb5e40000 - 0x00007fffb5f40000 	C:\windows\system32\opengl32.dll
0x00007ff800070000 - 0x00007ff80009d000 	C:\windows\SYSTEM32\GLU32.dll
0x00007ff808900000 - 0x00007ff808939000 	C:\windows\SYSTEM32\dxcore.dll
0x00007ff80c930000 - 0x00007ff80ca83000 	C:\windows\System32\MSCTF.dll
0x00007ff80bd40000 - 0x00007ff80bee5000 	C:\windows\System32\ole32.dll
0x00007fffaec90000 - 0x00007fffaee39000 	C:\windows\system32\d3d9.dll
0x00007ff801dd0000 - 0x00007ff801f8b000 	C:\windows\System32\DriverStore\FileRepository\u0394441.inf_amd64_57e767cb37419fb0\B394106\aticfx64.dll
0x00007fffaeac0000 - 0x00007fffaeaf4000 	C:\windows\System32\DriverStore\FileRepository\u0394441.inf_amd64_57e767cb37419fb0\B394106\atiu9p64.dll
0x00007fffadd60000 - 0x00007fffaeab5000 	C:\windows\System32\DriverStore\FileRepository\u0394441.inf_amd64_57e767cb37419fb0\B394106\atiumd64.dll
0x00000000770e0000 - 0x0000000077ff2000 	C:\windows\System32\DriverStore\FileRepository\u0394441.inf_amd64_57e767cb37419fb0\B394106\atiumd6a.dll
0x00007ff80da90000 - 0x00007ff80df04000 	C:\windows\System32\SETUPAPI.dll
0x00007ff806620000 - 0x00007ff806655000 	C:\windows\SYSTEM32\amdihk64.dll
0x00007ff805af0000 - 0x00007ff805b3a000 	C:\windows\SYSTEM32\directxdatabasehelper.dll
0x00007ffffa740000 - 0x00007ffffa750000 	C:\Users\hp\Downloads\eclipse-jee-2023-12-R-win32-x86_64\eclipse\plugins\org.eclipse.justj.openjdk.hotspot.jre.full.win32.x86_64_17.0.9.v20231028-0858\jre\bin\verify.dll
0x00007fffe1980000 - 0x00007fffe1a08000 	C:\Users\hp\Downloads\eclipse-jee-2023-12-R-win32-x86_64\eclipse\plugins\org.eclipse.justj.openjdk.hotspot.jre.full.win32.x86_64_17.0.9.v20231028-0858\jre\bin\freetype.dll
0x00007fffb2c10000 - 0x00007fffb2ce3000 	C:\Users\hp\Downloads\eclipse-jee-2023-12-R-win32-x86_64\eclipse\plugins\org.eclipse.justj.openjdk.hotspot.jre.full.win32.x86_64_17.0.9.v20231028-0858\jre\bin\fontmanager.dll
0x00007ff80cb20000 - 0x00007ff80cbd0000 	C:\windows\System32\clbcatq.dll
0x00007ff806f60000 - 0x00007ff807110000 	C:\windows\SYSTEM32\WindowsCodecs.dll
0x00007fffe2e20000 - 0x00007fffe2e7e000 	C:\windows\system32\dataexchange.dll
0x00007ff803830000 - 0x00007ff803abb000 	C:\windows\system32\twinapi.appcore.dll
0x00007ffff1330000 - 0x00007ffff147b000 	C:\windows\SYSTEM32\textinputframework.dll

dbghelp: loaded successfully - version: 4.0.5 - missing functions: none
symbol engine: initialized successfully - sym options: 0x614 - pdb path: .;C:\Users\hp\Downloads\eclipse-jee-2023-12-R-win32-x86_64\eclipse\plugins\org.eclipse.justj.openjdk.hotspot.jre.full.win32.x86_64_17.0.9.v20231028-0858\jre\bin;C:\windows\SYSTEM32;C:\windows\WinSxS\amd64_microsoft.windows.common-controls_6595b64144ccf1df_6.0.22621.3527_none_270e469b73872a76;C:\Users\hp\Downloads\eclipse-jee-2023-12-R-win32-x86_64\eclipse\plugins\org.eclipse.justj.openjdk.hotspot.jre.full.win32.x86_64_17.0.9.v20231028-0858\jre\bin\server;C:\windows\System32\DriverStore\FileRepository\u0394441.inf_amd64_57e767cb37419fb0\B394106

VM Arguments:
jvm_args: -Dfile.encoding=UTF-8 -Dstdout.encoding=UTF-8 -Dstderr.encoding=UTF-8 -XX:+ShowCodeDetailsInExceptionMessages 
java_command: bank.management.system.SignUpOne
java_class_path (initial): C:\Users\hp\eclipse-workspace\Bank-Management-System\bin;C:\Users\hp\Downloads\jcalendar-1.4\lib\jcalendar-1.4.jar;C:\Users\hp\Downloads\mysql-connector-j-8.4.0\mysql-connector-j-8.4.0\mysql-connector-j-8.4.0.jar
Launcher Type: SUN_STANDARD

[Global flags]
     intx CICompilerCount                          = 4                                         {product} {ergonomic}
     uint ConcGCThreads                            = 3                                         {product} {ergonomic}
     uint G1ConcRefinementThreads                  = 10                                        {product} {ergonomic}
   size_t G1HeapRegionSize                         = 1048576                                   {product} {ergonomic}
    uintx GCDrainStackTargetSize                   = 64                                        {product} {ergonomic}
   size_t InitialHeapSize                          = 123731968                                 {product} {ergonomic}
   size_t MarkStackSize                            = 4194304                                   {product} {ergonomic}
   size_t MaxHeapSize                              = 1971322880                                {product} {ergonomic}
   size_t MaxNewSize                               = 1182793728                                {product} {ergonomic}
   size_t MinHeapDeltaBytes                        = 1048576                                   {product} {ergonomic}
   size_t MinHeapSize                              = 8388608                                   {product} {ergonomic}
    uintx NonNMethodCodeHeapSize                   = 5839372                                {pd product} {ergonomic}
    uintx NonProfiledCodeHeapSize                  = 122909434                              {pd product} {ergonomic}
    uintx ProfiledCodeHeapSize                     = 122909434                              {pd product} {ergonomic}
    uintx ReservedCodeCacheSize                    = 251658240                              {pd product} {ergonomic}
     bool SegmentedCodeCache                       = true                                      {product} {ergonomic}
     bool ShowCodeDetailsInExceptionMessages       = true                                   {manageable} {command line}
   size_t SoftMaxHeapSize                          = 1971322880                             {manageable} {ergonomic}
     bool UseCompressedClassPointers               = true                           {product lp64_product} {ergonomic}
     bool UseCompressedOops                        = true                           {product lp64_product} {ergonomic}
     bool UseG1GC                                  = true                                      {product} {ergonomic}
     bool UseLargePagesIndividualAllocation        = false                                  {pd product} {ergonomic}

Logging:
Log output configuration:
 #0: stdout all=warning uptime,level,tags
 #1: stderr all=off uptime,level,tags

Environment Variables:
PATH=C:/Users/hp/Downloads/eclipse-jee-2023-12-R-win32-x86_64/eclipse//plugins/org.eclipse.justj.openjdk.hotspot.jre.full.win32.x86_64_17.0.9.v20231028-0858/jre/bin/server;C:/Users/hp/Downloads/eclipse-jee-2023-12-R-win32-x86_64/eclipse//plugins/org.eclipse.justj.openjdk.hotspot.jre.full.win32.x86_64_17.0.9.v20231028-0858/jre/bin;C:\Python312\Scripts\;C:\Python312\;C:\Program Files\Common Files\Oracle\Java\javapath;E:\oracle\product\10.2.0\db_1\bin;C:\Python311\Scripts\;C:\Python311\;C:\Program Files (x86)\Common Files\Oracle\Java\javapath;C:\windows\system32;C:\windows;C:\windows\System32\Wbem;C:\windows\System32\WindowsPowerShell\v1.0\;C:\windows\System32\OpenSSH\;C:\ProgramData\chocolatey\bin;C:\Program Files\Java\jdk-17\bin;C:\Program Files\nodejs\;C:\Program Files\Git\cmd;C:\Program Files\HP\HP One Agent;C:\Program Files\maven\apache-maven-3.9.7\bin;C:\Program Files\maven\apache-maven-3.9.7\bin;C:\Program Files\MySQL\MySQL Shell 8.0\bin\;C:\Users\hp\AppData\Local\Microsoft\WindowsApps;C:\Program Files\MongoDB\Server\6.0\bin;C:\mongosh\mongosh-1.10.0-win32-x64\bin;C:\Program Files\Java\jdk-17\bin;C:\Users\hp\AppData\Local\Programs\Microsoft VS Code\bin;C:\Users\hp\AppData\Roaming\npm;C:\Users\hp\AppData\Local\GitHubDesktop\bin;C:\Program Files\maven\apache-maven-3.9.7\bin;;C:\Users\hp\Downloads\eclipse-jee-2023-12-R-win32-x86_64\eclipse;
USERNAME=hp
OS=Windows_NT
PROCESSOR_IDENTIFIER=AMD64 Family 25 Model 80 Stepping 0, AuthenticAMD
TMP=C:\TEMP
TEMP=C:\TEMP



Periodic native trim disabled


---------------  S Y S T E M  ---------------

OS:
 Windows 11 , 64 bit Build 22621 (10.0.22621.3527)
OS uptime: 8 days 1:16 hours
Hyper-V role detected

CPU: total 12 (initial active 12) (12 cores per cpu, 2 threads per core) family 25 model 80 stepping 0 microcode 0x0, cx8, cmov, fxsr, ht, mmx, 3dnowpref, sse, sse2, sse3, ssse3, sse4a, sse4.1, sse4.2, popcnt, lzcnt, tsc, tscinvbit, avx, avx2, aes, erms, clmul, bmi1, bmi2, adx, sha, fma, vzeroupper, clflush, clflushopt, hv
Processor Information for processor 0
  Max Mhz: 3301, Current Mhz: 3301, Mhz Limit: 3301
Processor Information for processor 1
  Max Mhz: 3301, Current Mhz: 1805, Mhz Limit: 3301
Processor Information for processor 2
  Max Mhz: 3301, Current Mhz: 3301, Mhz Limit: 3301
Processor Information for processor 3
  Max Mhz: 3301, Current Mhz: 3301, Mhz Limit: 3301
Processor Information for processor 4
  Max Mhz: 3301, Current Mhz: 1805, Mhz Limit: 3301
Processor Information for processor 5
  Max Mhz: 3301, Current Mhz: 1805, Mhz Limit: 3301
Processor Information for processor 6
  Max Mhz: 3301, Current Mhz: 1805, Mhz Limit: 3301
Processor Information for processor 7
  Max Mhz: 3301, Current Mhz: 1805, Mhz Limit: 3301
Processor Information for processor 8
  Max Mhz: 3301, Current Mhz: 1805, Mhz Limit: 3301
Processor Information for processor 9
  Max Mhz: 3301, Current Mhz: 3301, Mhz Limit: 3301
Processor Information for processor 10
  Max Mhz: 3301, Current Mhz: 1805, Mhz Limit: 3301
Processor Information for processor 11
  Max Mhz: 3301, Current Mhz: 1805, Mhz Limit: 3301

Memory: 4k page, system-wide physical 7519M (758M free)
TotalPageFile size 30956M (AvailPageFile size 3M)
current process WorkingSet (physical memory assigned to process): 111M, peak: 111M
current process commit charge ("private bytes"): 260M, peak: 260M

vm_info: OpenJDK 64-Bit Server VM (17.0.9+9) for windows-amd64 JRE (17.0.9+9), built on Oct 26 2023 14:01:42 by "admin" with MS VC++ 16.10 / 16.11 (VS2019)

END.
